2025-05-22 19:43:19,977 - core.project_manager - INFO - Queue processing: Path replacement attempt: /Volumes/Media HD/Tests/02 Test Project/2023-01-01 Saz & Sazzie/03 MEDIA/01 VIDEO/CAM 2/A001_01250456_C219.mov -> /Volumes/Media HD/Tests/02 Test Project/2023-01-01 Saz & Sazzie/03 MEDIA/01 VIDEO.old/CAM 2/A001_01250456_C219.mov
2025-05-22 19:43:19,977 - core.project_manager - INFO - Queue processing: Updated path exists: /Volumes/Media HD/Tests/02 Test Project/2023-01-01 Saz & Sazzie/03 MEDIA/01 VIDEO.old/CAM 2/A001_01250456_C219.mov
2025-05-22 19:43:19,978 - core.project_manager - INFO - Queue processing: Found 5 CAM files, successfully updated 5 paths
2025-05-22 19:43:19,978 - core.queue_manager - INFO - Queue cleared
2025-05-22 19:43:19,978 - core.queue_manager - INFO - Sorting files by camera number and file number
2025-05-22 19:43:19,978 - core.queue_manager - INFO - Added 5 files to queue
2025-05-22 19:43:19,978 - core.project_manager - INFO - Added 5 files to file queue for project project_1747939281_1
2025-05-22 19:43:19,979 - core.queue_manager - INFO - Starting queue processing
2025-05-22 19:43:19,979 - core.file_preparation - INFO - Preserving CAM folder structure: CAM 1
2025-05-22 19:43:19,979 - core.file_preparation - INFO - Generated output filename: /Volumes/Media HD/Tests/02 Test Project/2023-01-01 Saz & Sazzie/03 MEDIA/01 VIDEO/CAM 1/A001_01240755_C001.mp4
2025-05-22 19:43:19,979 - core.queue_manager - INFO - Processing file 1/5: /Volumes/Media HD/Tests/02 Test Project/2023-01-01 Saz & Sazzie/03 MEDIA/01 VIDEO.old/CAM 1/A001_01240755_C001.mov
2025-05-22 19:43:19,979 - core.video_compression - INFO - Starting compression of /Volumes/Media HD/Tests/02 Test Project/2023-01-01 Saz & Sazzie/03 MEDIA/01 VIDEO.old/CAM 1/A001_01240755_C001.mov
2025-05-22 19:43:20,266 - core.video_compression - INFO - Video duration: 4.083333 seconds
2025-05-22 19:43:20,267 - core.video_compression - INFO - Building FFmpeg command for /Volumes/Media HD/Tests/02 Test Project/2023-01-01 Saz & Sazzie/03 MEDIA/01 VIDEO.old/CAM 1/A001_01240755_C001.mov
2025-05-22 19:43:21,541 - core.video_compression - INFO - Successfully compressed to /Volumes/Media HD/Tests/02 Test Project/2023-01-01 Saz & Sazzie/03 MEDIA/01 VIDEO/CAM 1/A001_01240755_C001.mp4
2025-05-22 19:43:21,543 - core.queue_manager - INFO - Compression result: 90.9% reduction, saved 16.18 MB
2025-05-22 19:43:21,543 - core.queue_manager - INFO - Successfully compressed /Volumes/Media HD/Tests/02 Test Project/2023-01-01 Saz & Sazzie/03 MEDIA/01 VIDEO.old/CAM 1/A001_01240755_C001.mov
2025-05-22 19:43:21,544 - core.file_preparation - INFO - Preserving CAM folder structure: CAM 1
2025-05-22 19:43:21,544 - core.file_preparation - INFO - Generated output filename: /Volumes/Media HD/Tests/02 Test Project/2023-01-01 Saz & Sazzie/03 MEDIA/01 VIDEO/CAM 1/A001_01241858_C002.mp4
2025-05-22 19:43:21,544 - core.queue_manager - INFO - Processing file 2/5: /Volumes/Media HD/Tests/02 Test Project/2023-01-01 Saz & Sazzie/03 MEDIA/01 VIDEO.old/CAM 1/A001_01241858_C002.mov
2025-05-22 19:43:21,544 - core.video_compression - INFO - Starting compression of /Volumes/Media HD/Tests/02 Test Project/2023-01-01 Saz & Sazzie/03 MEDIA/01 VIDEO.old/CAM 1/A001_01241858_C002.mov
2025-05-22 19:43:21,664 - core.video_compression - INFO - Video duration: 18.166667 seconds
2025-05-22 19:43:21,665 - core.video_compression - INFO - Building FFmpeg command for /Volumes/Media HD/Tests/02 Test Project/2023-01-01 Saz & Sazzie/03 MEDIA/01 VIDEO.old/CAM 1/A001_01241858_C002.mov
2025-05-22 19:43:24,701 - core.video_compression - INFO - Successfully compressed to /Volumes/Media HD/Tests/02 Test Project/2023-01-01 Saz & Sazzie/03 MEDIA/01 VIDEO/CAM 1/A001_01241858_C002.mp4
2025-05-22 19:43:24,705 - core.queue_manager - INFO - Compression result: 88.6% reduction, saved 203.37 MB
2025-05-22 19:43:24,705 - core.queue_manager - INFO - Successfully compressed /Volumes/Media HD/Tests/02 Test Project/2023-01-01 Saz & Sazzie/03 MEDIA/01 VIDEO.old/CAM 1/A001_01241858_C002.mov
2025-05-22 19:43:24,706 - core.file_preparation - INFO - Preserving CAM folder structure: CAM 1
2025-05-22 19:43:24,706 - core.file_preparation - INFO - Generated output filename: /Volumes/Media HD/Tests/02 Test Project/2023-01-01 Saz & Sazzie/03 MEDIA/01 VIDEO/CAM 1/A001_01241858_C003.mp4
2025-05-22 19:43:24,706 - core.queue_manager - INFO - Processing file 3/5: /Volumes/Media HD/Tests/02 Test Project/2023-01-01 Saz & Sazzie/03 MEDIA/01 VIDEO.old/CAM 1/A001_01241858_C003.mov
2025-05-22 19:43:24,706 - core.video_compression - INFO - Starting compression of /Volumes/Media HD/Tests/02 Test Project/2023-01-01 Saz & Sazzie/03 MEDIA/01 VIDEO.old/CAM 1/A001_01241858_C003.mov
2025-05-22 19:43:24,811 - core.video_compression - INFO - Video duration: 17.5 seconds
2025-05-22 19:43:24,815 - core.video_compression - INFO - Building FFmpeg command for /Volumes/Media HD/Tests/02 Test Project/2023-01-01 Saz & Sazzie/03 MEDIA/01 VIDEO.old/CAM 1/A001_01241858_C003.mov
2025-05-22 19:43:27,756 - core.video_compression - INFO - Successfully compressed to /Volumes/Media HD/Tests/02 Test Project/2023-01-01 Saz & Sazzie/03 MEDIA/01 VIDEO/CAM 1/A001_01241858_C003.mp4
2025-05-22 19:43:27,758 - core.queue_manager - INFO - Compression result: 85.4% reduction, saved 116.21 MB
2025-05-22 19:43:27,759 - core.queue_manager - INFO - Successfully compressed /Volumes/Media HD/Tests/02 Test Project/2023-01-01 Saz & Sazzie/03 MEDIA/01 VIDEO.old/CAM 1/A001_01241858_C003.mov
2025-05-22 19:43:27,759 - core.file_preparation - INFO - Preserving CAM folder structure: CAM 2
2025-05-22 19:43:27,759 - core.file_preparation - INFO - Generated output filename: /Volumes/Media HD/Tests/02 Test Project/2023-01-01 Saz & Sazzie/03 MEDIA/01 VIDEO/CAM 2/A001_01250456_C219.mp4
2025-05-22 19:43:27,760 - core.queue_manager - INFO - Processing file 4/5: /Volumes/Media HD/Tests/02 Test Project/2023-01-01 Saz & Sazzie/03 MEDIA/01 VIDEO.old/CAM 2/A001_01250456_C219.mov
2025-05-22 19:43:27,760 - core.video_compression - INFO - Starting compression of /Volumes/Media HD/Tests/02 Test Project/2023-01-01 Saz & Sazzie/03 MEDIA/01 VIDEO.old/CAM 2/A001_01250456_C219.mov
2025-05-22 19:43:27,975 - core.video_compression - INFO - Video duration: 570.166667 seconds
2025-05-22 19:43:27,976 - core.video_compression - INFO - Building FFmpeg command for /Volumes/Media HD/Tests/02 Test Project/2023-01-01 Saz & Sazzie/03 MEDIA/01 VIDEO.old/CAM 2/A001_01250456_C219.mov
2025-05-22 19:44:50,223 - core.video_compression - INFO - Successfully compressed to /Volumes/Media HD/Tests/02 Test Project/2023-01-01 Saz & Sazzie/03 MEDIA/01 VIDEO/CAM 2/A001_01250456_C219.mp4
2025-05-22 19:44:50,245 - core.queue_manager - INFO - Compression result: 78.5% reduction, saved 7.61 GB
2025-05-22 19:44:50,245 - core.queue_manager - INFO - Successfully compressed /Volumes/Media HD/Tests/02 Test Project/2023-01-01 Saz & Sazzie/03 MEDIA/01 VIDEO.old/CAM 2/A001_01250456_C219.mov
2025-05-22 19:44:50,246 - core.file_preparation - INFO - Preserving CAM folder structure: CAM 2
2025-05-22 19:44:50,246 - core.file_preparation - INFO - Generated output filename: /Volumes/Media HD/Tests/02 Test Project/2023-01-01 Saz & Sazzie/03 MEDIA/01 VIDEO/CAM 2/A001_04080255_C079.mp4
2025-05-22 19:44:50,246 - core.queue_manager - INFO - Processing file 5/5: /Volumes/Media HD/Tests/02 Test Project/2023-01-01 Saz & Sazzie/03 MEDIA/01 VIDEO.old/CAM 2/A001_04080255_C079.mov
2025-05-22 19:44:50,246 - core.video_compression - INFO - Starting compression of /Volumes/Media HD/Tests/02 Test Project/2023-01-01 Saz & Sazzie/03 MEDIA/01 VIDEO.old/CAM 2/A001_04080255_C079.mov
2025-05-22 19:44:50,597 - core.video_compression - INFO - Video duration: 55.5 seconds
2025-05-22 19:44:50,598 - core.video_compression - INFO - Building FFmpeg command for /Volumes/Media HD/Tests/02 Test Project/2023-01-01 Saz & Sazzie/03 MEDIA/01 VIDEO.old/CAM 2/A001_04080255_C079.mov
2025-05-22 19:44:59,161 - core.video_compression - INFO - Successfully compressed to /Volumes/Media HD/Tests/02 Test Project/2023-01-01 Saz & Sazzie/03 MEDIA/01 VIDEO/CAM 2/A001_04080255_C079.mp4
2025-05-22 19:44:59,163 - core.queue_manager - INFO - Compression result: 84.3% reduction, saved 868.87 MB
2025-05-22 19:44:59,163 - core.queue_manager - INFO - Successfully compressed /Volumes/Media HD/Tests/02 Test Project/2023-01-01 Saz & Sazzie/03 MEDIA/01 VIDEO.old/CAM 2/A001_04080255_C079.mov
2025-05-22 19:44:59,163 - core.queue_manager - INFO - Queue processing completed
2025-05-22 19:44:59,164 - core.project_manager - INFO - Project '2023-01-01 Saz & Sazzie' (ID: project_1747939281_1) processing completed successfully in 99.19 seconds
2025-05-22 19:44:59,164 - core.project_manager - INFO - Processed 5 files, reduced size by 8.79 GB, average reduction: 79.3%
2025-05-22 19:44:59,164 - core.project_manager - INFO - Project '2023-01-01 Saz & Sazzie' (ID: project_1747939281_1) status updated to VERIFYING
2025-05-22 19:44:59,164 - core.project_manager - INFO - Starting verification between original folder '/Volumes/Media HD/Tests/02 Test Project/2023-01-01 Saz & Sazzie/03 MEDIA/01 VIDEO.old' and converted folder '/Volumes/Media HD/Tests/02 Test Project/2023-01-01 Saz & Sazzie/03 MEDIA/01 VIDEO'
2025-05-22 19:44:59,165 - core.verification_utils - INFO - Recursively searching for media files in: /Volumes/Media HD/Tests/02 Test Project/2023-01-01 Saz & Sazzie/03 MEDIA/01 VIDEO.old
2025-05-22 19:44:59,223 - core.verification_utils - INFO - Found 8 media files in original folder
2025-05-22 19:44:59,224 - core.verification_utils - INFO - Recursively searching for media files in: /Volumes/Media HD/Tests/02 Test Project/2023-01-01 Saz & Sazzie/03 MEDIA/01 VIDEO
2025-05-22 19:44:59,227 - core.verification_utils - INFO - Found 8 media files in converted folder
2025-05-22 19:45:01,103 - core.verification_utils - WARNING - Original file has audio/video duration mismatch: video 55.50s, audio 27.71s
2025-05-22 19:45:01,261 - core.project_manager - INFO - All files verified successfully for project '2023-01-01 Saz & Sazzie' (ID: project_1747939281_1). Proceeding with deletion of original folder.
2025-05-22 19:45:01,503 - core.project_manager - INFO - Successfully deleted original folder: /Volumes/Media HD/Tests/02 Test Project/2023-01-01 Saz & Sazzie/03 MEDIA/01 VIDEO.old
2025-05-22 19:45:01,683 - core.macos_utils - INFO - Successfully set Finder label 'None' for folder: /Volumes/Media HD/Tests/02 Test Project/2023-01-01 Saz & Sazzie (with update command)
2025-05-22 19:45:01,850 - core.macos_utils - INFO - Successfully set Finder label 'Green' for folder: /Volumes/Media HD/Tests/02 Test Project/2023-01-01 Saz & Sazzie (with update command)
2025-05-22 19:45:01,851 - core.project_manager - INFO - Project folder icon updated to Green: True
2025-05-22 19:45:01,851 - gui.project_queue_panel - INFO - Project project_1747939281_1 (2023-01-01 Saz & Sazzie) completed successfully
2025-05-22 19:45:01,851 - core.project_queue_manager - INFO - Successfully processed project project_1747939281_1 in 109.66 seconds
2025-05-22 19:45:01,853 - core.project_queue_manager - INFO - Queue state saved to /Users/chriscleary/.forever_yours/project_queue_state.json
2025-05-22 19:45:01,854 - core.project_queue_manager - INFO - Project queue processing completed successfully
2025-05-22 19:45:01,857 - core.project_queue_manager - INFO - Queue state saved to /Users/chriscleary/.forever_yours/project_queue_state.json
2025-05-22 19:46:29,685 - core.project_queue_manager - WARNING - Cannot cancel: queue is not being processed
2025-05-22 19:46:29,686 - core.project_manager - INFO - Canceled all processing
2025-05-22 19:46:29,692 - gui.project_queue_panel - INFO - Canceled queue processing
2025-05-22 19:46:36,077 - core.project_queue_manager - INFO - Project queue cleared
2025-05-22 19:46:36,078 - core.project_queue_manager - INFO - Queue state saved to /Users/chriscleary/.forever_yours/project_queue_state.json
2025-05-22 19:46:36,079 - gui.project_queue_panel - INFO - Cleared project queue
2025-05-22 19:46:42,552 - __main__ - INFO - Saved window geometry and state
2025-05-22 19:46:42,552 - __main__ - INFO - Saved project queue column widths
2025-05-22 19:46:45,401 - __main__ - INFO - Starting Forever Yours Compression Tool
2025-05-22 19:46:45,519 - __main__ - INFO - Creating main application window
2025-05-22 19:46:45,535 - __main__ - INFO - Restored window geometry and state from settings
2025-05-22 19:46:45,536 - core.queue_manager - INFO - Queue manager initialized
2025-05-22 19:46:45,536 - core.project_queue_manager - INFO - Project queue manager initialized
2025-05-22 19:46:45,536 - core.queue_manager - INFO - Queue manager initialized
2025-05-22 19:46:45,536 - core.project_manager - INFO - Project manager initialized
2025-05-22 19:46:45,537 - gui.step1_import - INFO - Initializing import panel
2025-05-22 19:46:45,635 - gui.step2_convert - INFO - Initializing conversion panel
2025-05-22 19:46:45,637 - gui.step2b_verify - INFO - Initializing verification panel
2025-05-22 19:46:45,638 - gui.step3_results - INFO - Initializing results panel
2025-05-22 19:46:45,639 - gui.project_queue_panel - INFO - Initializing project queue panel
2025-05-22 19:46:45,639 - core.project_manager - INFO - Progress callback registered
2025-05-22 19:46:45,639 - core.project_manager - INFO - Project completion callback registered
2025-05-22 19:46:45,643 - gui.step2_convert - INFO - Queue manager set in ConvertPanel
2025-05-22 19:46:45,644 - __main__ - INFO - Starting application with panel index set to 4
2025-05-22 19:46:49,065 - gui.project_queue_panel - INFO - Add project requested - emitting signal for project creation workflow
2025-05-22 19:46:49,066 - __main__ - INFO - Handling add project request - adding project to queue directly
2025-05-22 19:47:00,232 - __main__ - INFO - No folder selected, canceling project addition
